<?xml version="1.0" encoding="UTF-8"?>
<testsuite name="com.distribuida.test.DatabaseTest" tests="2" skipped="0" failures="2" errors="0" timestamp="2023-02-23T13:09:49" hostname="DESKTOP-E10PAUC" time="0.795">
  <properties/>
  <testcase name="testPrueba2()" classname="com.distribuida.test.DatabaseTest" time="0.73">
    <failure message="org.opentest4j.AssertionFailedError: Book found ==&gt; expected: &lt;true&gt; but was: &lt;false&gt;" type="org.opentest4j.AssertionFailedError">org.opentest4j.AssertionFailedError: Book found ==&gt; expected: &lt;true&gt; but was: &lt;false&gt;
	at app//org.junit.jupiter.api.AssertionUtils.fail(AssertionUtils.java:55)
	at app//org.junit.jupiter.api.AssertionUtils.failNotEqual(AssertionUtils.java:62)
	at app//org.junit.jupiter.api.AssertEquals.assertEquals(AssertEquals.java:182)
	at app//org.junit.jupiter.api.Assertions.assertEquals(Assertions.java:1135)
	at app//com.distribuida.test.DatabaseTest.testPrueba2(DatabaseTest.java:48)
	at java.base@17.0.6/jdk.internal.reflect.NativeMethodAccessorImpl.invoke0(Native Method)
	at java.base@17.0.6/jdk.internal.reflect.NativeMethodAccessorImpl.invoke(NativeMethodAccessorImpl.java:77)
	at java.base@17.0.6/jdk.internal.reflect.DelegatingMethodAccessorImpl.invoke(DelegatingMethodAccessorImpl.java:43)
	at java.base@17.0.6/java.lang.reflect.Method.invoke(Method.java:568)
	at app//org.jboss.weld.bean.proxy.AbstractBeanInstance.invoke(AbstractBeanInstance.java:38)
	at app//org.jboss.weld.bean.proxy.ProxyMethodHandler.invoke(ProxyMethodHandler.java:106)
	at app//com.distribuida.test.DatabaseTest$Proxy$_$$_WeldClientProxy.testPrueba2(Unknown Source)
	at java.base@17.0.6/jdk.internal.reflect.NativeMethodAccessorImpl.invoke0(Native Method)
	at java.base@17.0.6/jdk.internal.reflect.NativeMethodAccessorImpl.invoke(NativeMethodAccessorImpl.java:77)
	at java.base@17.0.6/jdk.internal.reflect.DelegatingMethodAccessorImpl.invoke(DelegatingMethodAccessorImpl.java:43)
	at java.base@17.0.6/java.lang.reflect.Method.invoke(Method.java:568)
	at app//org.junit.platform.commons.util.ReflectionUtils.invokeMethod(ReflectionUtils.java:688)
	at app//org.junit.jupiter.engine.execution.MethodInvocation.proceed(MethodInvocation.java:60)
	at app//org.junit.jupiter.engine.execution.InvocationInterceptorChain$ValidatingInvocation.proceed(InvocationInterceptorChain.java:131)
	at app//org.junit.jupiter.api.extension.InvocationInterceptor.interceptTestMethod(InvocationInterceptor.java:117)
	at app//org.junit.jupiter.engine.execution.ExecutableInvoker$ReflectiveInterceptorCall.lambda$ofVoidMethod$0(ExecutableInvoker.java:115)
	at app//org.junit.jupiter.engine.execution.ExecutableInvoker.lambda$invoke$0(ExecutableInvoker.java:105)
	at app//org.junit.jupiter.engine.execution.InvocationInterceptorChain$InterceptedInvocation.proceed(InvocationInterceptorChain.java:106)
	at app//org.junit.jupiter.engine.extension.TimeoutExtension.intercept(TimeoutExtension.java:149)
	at app//org.junit.jupiter.engine.extension.TimeoutExtension.interceptTestableMethod(TimeoutExtension.java:140)
	at app//org.junit.jupiter.engine.extension.TimeoutExtension.interceptTestMethod(TimeoutExtension.java:84)
	at app//org.junit.jupiter.engine.execution.ExecutableInvoker$ReflectiveInterceptorCall.lambda$ofVoidMethod$0(ExecutableInvoker.java:115)
	at app//org.junit.jupiter.engine.execution.ExecutableInvoker.lambda$invoke$0(ExecutableInvoker.java:105)
	at app//org.junit.jupiter.engine.execution.InvocationInterceptorChain$InterceptedInvocation.proceed(InvocationInterceptorChain.java:106)
	at app//org.junit.jupiter.engine.execution.InvocationInterceptorChain.proceed(InvocationInterceptorChain.java:64)
	at app//org.junit.jupiter.engine.execution.InvocationInterceptorChain.chainAndInvoke(InvocationInterceptorChain.java:45)
	at app//org.junit.jupiter.engine.execution.InvocationInterceptorChain.invoke(InvocationInterceptorChain.java:37)
	at app//org.junit.jupiter.engine.execution.ExecutableInvoker.invoke(ExecutableInvoker.java:104)
	at app//org.junit.jupiter.engine.execution.ExecutableInvoker.invoke(ExecutableInvoker.java:98)
	at app//org.junit.jupiter.engine.descriptor.TestMethodTestDescriptor.lambda$invokeTestMethod$6(TestMethodTestDescriptor.java:210)
	at app//org.junit.platform.engine.support.hierarchical.ThrowableCollector.execute(ThrowableCollector.java:73)
	at app//org.junit.jupiter.engine.descriptor.TestMethodTestDescriptor.invokeTestMethod(TestMethodTestDescriptor.java:206)
	at app//org.junit.jupiter.engine.descriptor.TestMethodTestDescriptor.execute(TestMethodTestDescriptor.java:131)
	at app//org.junit.jupiter.engine.descriptor.TestMethodTestDescriptor.execute(TestMethodTestDescriptor.java:65)
	at app//org.junit.platform.engine.support.hierarchical.NodeTestTask.lambda$executeRecursively$5(NodeTestTask.java:139)
	at app//org.junit.platform.engine.support.hierarchical.ThrowableCollector.execute(ThrowableCollector.java:73)
	at app//org.junit.platform.engine.support.hierarchical.NodeTestTask.lambda$executeRecursively$7(NodeTestTask.java:129)
	at app//org.junit.platform.engine.support.hierarchical.Node.around(Node.java:137)
	at app//org.junit.platform.engine.support.hierarchical.NodeTestTask.lambda$executeRecursively$8(NodeTestTask.java:127)
	at app//org.junit.platform.engine.support.hierarchical.ThrowableCollector.execute(ThrowableCollector.java:73)
	at app//org.junit.platform.engine.support.hierarchical.NodeTestTask.executeRecursively(NodeTestTask.java:126)
	at app//org.junit.platform.engine.support.hierarchical.NodeTestTask.execute(NodeTestTask.java:84)
	at java.base@17.0.6/java.util.ArrayList.forEach(ArrayList.java:1511)
	at app//org.junit.platform.engine.support.hierarchical.SameThreadHierarchicalTestExecutorService.invokeAll(SameThreadHierarchicalTestExecutorService.java:38)
	at app//org.junit.platform.engine.support.hierarchical.NodeTestTask.lambda$executeRecursively$5(NodeTestTask.java:143)
	at app//org.junit.platform.engine.support.hierarchical.ThrowableCollector.execute(ThrowableCollector.java:73)
	at app//org.junit.platform.engine.support.hierarchical.NodeTestTask.lambda$executeRecursively$7(NodeTestTask.java:129)
	at app//org.junit.platform.engine.support.hierarchical.Node.around(Node.java:137)
	at app//org.junit.platform.engine.support.hierarchical.NodeTestTask.lambda$executeRecursively$8(NodeTestTask.java:127)
	at app//org.junit.platform.engine.support.hierarchical.ThrowableCollector.execute(ThrowableCollector.java:73)
	at app//org.junit.platform.engine.support.hierarchical.NodeTestTask.executeRecursively(NodeTestTask.java:126)
	at app//org.junit.platform.engine.support.hierarchical.NodeTestTask.execute(NodeTestTask.java:84)
	at java.base@17.0.6/java.util.ArrayList.forEach(ArrayList.java:1511)
	at app//org.junit.platform.engine.support.hierarchical.SameThreadHierarchicalTestExecutorService.invokeAll(SameThreadHierarchicalTestExecutorService.java:38)
	at app//org.junit.platform.engine.support.hierarchical.NodeTestTask.lambda$executeRecursively$5(NodeTestTask.java:143)
	at app//org.junit.platform.engine.support.hierarchical.ThrowableCollector.execute(ThrowableCollector.java:73)
	at app//org.junit.platform.engine.support.hierarchical.NodeTestTask.lambda$executeRecursively$7(NodeTestTask.java:129)
	at app//org.junit.platform.engine.support.hierarchical.Node.around(Node.java:137)
	at app//org.junit.platform.engine.support.hierarchical.NodeTestTask.lambda$executeRecursively$8(NodeTestTask.java:127)
	at app//org.junit.platform.engine.support.hierarchical.ThrowableCollector.execute(ThrowableCollector.java:73)
	at app//org.junit.platform.engine.support.hierarchical.NodeTestTask.executeRecursively(NodeTestTask.java:126)
	at app//org.junit.platform.engine.support.hierarchical.NodeTestTask.execute(NodeTestTask.java:84)
	at app//org.junit.platform.engine.support.hierarchical.SameThreadHierarchicalTestExecutorService.submit(SameThreadHierarchicalTestExecutorService.java:32)
	at app//org.junit.platform.engine.support.hierarchical.HierarchicalTestExecutor.execute(HierarchicalTestExecutor.java:57)
	at app//org.junit.platform.engine.support.hierarchical.HierarchicalTestEngine.execute(HierarchicalTestEngine.java:51)
	at org.junit.platform.launcher.core.EngineExecutionOrchestrator.execute(EngineExecutionOrchestrator.java:107)
	at org.junit.platform.launcher.core.EngineExecutionOrchestrator.execute(EngineExecutionOrchestrator.java:88)
	at org.junit.platform.launcher.core.EngineExecutionOrchestrator.lambda$execute$0(EngineExecutionOrchestrator.java:54)
	at org.junit.platform.launcher.core.EngineExecutionOrchestrator.withInterceptedStreams(EngineExecutionOrchestrator.java:67)
	at org.junit.platform.launcher.core.EngineExecutionOrchestrator.execute(EngineExecutionOrchestrator.java:52)
	at org.junit.platform.launcher.core.DefaultLauncher.execute(DefaultLauncher.java:114)
	at org.junit.platform.launcher.core.DefaultLauncher.execute(DefaultLauncher.java:86)
	at org.junit.platform.launcher.core.DefaultLauncherSession$DelegatingLauncher.execute(DefaultLauncherSession.java:86)
	at org.junit.platform.launcher.core.SessionPerRequestLauncher.execute(SessionPerRequestLauncher.java:53)
	at org.gradle.api.internal.tasks.testing.junitplatform.JUnitPlatformTestClassProcessor$CollectAllTestClassesExecutor.processAllTestClasses(JUnitPlatformTestClassProcessor.java:99)
	at org.gradle.api.internal.tasks.testing.junitplatform.JUnitPlatformTestClassProcessor$CollectAllTestClassesExecutor.access$000(JUnitPlatformTestClassProcessor.java:79)
	at org.gradle.api.internal.tasks.testing.junitplatform.JUnitPlatformTestClassProcessor.stop(JUnitPlatformTestClassProcessor.java:75)
	at org.gradle.api.internal.tasks.testing.SuiteTestClassProcessor.stop(SuiteTestClassProcessor.java:61)
	at java.base@17.0.6/jdk.internal.reflect.NativeMethodAccessorImpl.invoke0(Native Method)
	at java.base@17.0.6/jdk.internal.reflect.NativeMethodAccessorImpl.invoke(NativeMethodAccessorImpl.java:77)
	at java.base@17.0.6/jdk.internal.reflect.DelegatingMethodAccessorImpl.invoke(DelegatingMethodAccessorImpl.java:43)
	at java.base@17.0.6/java.lang.reflect.Method.invoke(Method.java:568)
	at org.gradle.internal.dispatch.ReflectionDispatch.dispatch(ReflectionDispatch.java:36)
	at org.gradle.internal.dispatch.ReflectionDispatch.dispatch(ReflectionDispatch.java:24)
	at org.gradle.internal.dispatch.ContextClassLoaderDispatch.dispatch(ContextClassLoaderDispatch.java:33)
	at org.gradle.internal.dispatch.ProxyDispatchAdapter$DispatchingInvocationHandler.invoke(ProxyDispatchAdapter.java:94)
	at jdk.proxy1/jdk.proxy1.$Proxy2.stop(Unknown Source)
	at org.gradle.api.internal.tasks.testing.worker.TestWorker$3.run(TestWorker.java:193)
	at org.gradle.api.internal.tasks.testing.worker.TestWorker.executeAndMaintainThreadName(TestWorker.java:129)
	at org.gradle.api.internal.tasks.testing.worker.TestWorker.execute(TestWorker.java:100)
	at org.gradle.api.internal.tasks.testing.worker.TestWorker.execute(TestWorker.java:60)
	at org.gradle.process.internal.worker.child.ActionExecutionWorker.execute(ActionExecutionWorker.java:56)
	at org.gradle.process.internal.worker.child.SystemApplicationClassLoaderWorker.call(SystemApplicationClassLoaderWorker.java:133)
	at org.gradle.process.internal.worker.child.SystemApplicationClassLoaderWorker.call(SystemApplicationClassLoaderWorker.java:71)
	at app//worker.org.gradle.process.internal.worker.GradleWorkerMain.run(GradleWorkerMain.java:69)
	at app//worker.org.gradle.process.internal.worker.GradleWorkerMain.main(GradleWorkerMain.java:74)
</failure>
  </testcase>
  <testcase name="testPrueba()" classname="com.distribuida.test.DatabaseTest" time="0.061">
    <failure message="org.opentest4j.AssertionFailedError: Book found ==&gt; expected: &lt;true&gt; but was: &lt;false&gt;" type="org.opentest4j.AssertionFailedError">org.opentest4j.AssertionFailedError: Book found ==&gt; expected: &lt;true&gt; but was: &lt;false&gt;
	at app//org.junit.jupiter.api.AssertionUtils.fail(AssertionUtils.java:55)
	at app//org.junit.jupiter.api.AssertionUtils.failNotEqual(AssertionUtils.java:62)
	at app//org.junit.jupiter.api.AssertEquals.assertEquals(AssertEquals.java:182)
	at app//org.junit.jupiter.api.Assertions.assertEquals(Assertions.java:1135)
	at app//com.distribuida.test.DatabaseTest.testPrueba(DatabaseTest.java:36)
	at java.base@17.0.6/jdk.internal.reflect.NativeMethodAccessorImpl.invoke0(Native Method)
	at java.base@17.0.6/jdk.internal.reflect.NativeMethodAccessorImpl.invoke(NativeMethodAccessorImpl.java:77)
	at java.base@17.0.6/jdk.internal.reflect.DelegatingMethodAccessorImpl.invoke(DelegatingMethodAccessorImpl.java:43)
	at java.base@17.0.6/java.lang.reflect.Method.invoke(Method.java:568)
	at app//org.jboss.weld.bean.proxy.AbstractBeanInstance.invoke(AbstractBeanInstance.java:38)
	at app//org.jboss.weld.bean.proxy.ProxyMethodHandler.invoke(ProxyMethodHandler.java:106)
	at app//com.distribuida.test.DatabaseTest$Proxy$_$$_WeldClientProxy.testPrueba(Unknown Source)
	at java.base@17.0.6/jdk.internal.reflect.NativeMethodAccessorImpl.invoke0(Native Method)
	at java.base@17.0.6/jdk.internal.reflect.NativeMethodAccessorImpl.invoke(NativeMethodAccessorImpl.java:77)
	at java.base@17.0.6/jdk.internal.reflect.DelegatingMethodAccessorImpl.invoke(DelegatingMethodAccessorImpl.java:43)
	at java.base@17.0.6/java.lang.reflect.Method.invoke(Method.java:568)
	at app//org.junit.platform.commons.util.ReflectionUtils.invokeMethod(ReflectionUtils.java:688)
	at app//org.junit.jupiter.engine.execution.MethodInvocation.proceed(MethodInvocation.java:60)
	at app//org.junit.jupiter.engine.execution.InvocationInterceptorChain$ValidatingInvocation.proceed(InvocationInterceptorChain.java:131)
	at app//org.junit.jupiter.api.extension.InvocationInterceptor.interceptTestMethod(InvocationInterceptor.java:117)
	at app//org.junit.jupiter.engine.execution.ExecutableInvoker$ReflectiveInterceptorCall.lambda$ofVoidMethod$0(ExecutableInvoker.java:115)
	at app//org.junit.jupiter.engine.execution.ExecutableInvoker.lambda$invoke$0(ExecutableInvoker.java:105)
	at app//org.junit.jupiter.engine.execution.InvocationInterceptorChain$InterceptedInvocation.proceed(InvocationInterceptorChain.java:106)
	at app//org.junit.jupiter.engine.extension.TimeoutExtension.intercept(TimeoutExtension.java:149)
	at app//org.junit.jupiter.engine.extension.TimeoutExtension.interceptTestableMethod(TimeoutExtension.java:140)
	at app//org.junit.jupiter.engine.extension.TimeoutExtension.interceptTestMethod(TimeoutExtension.java:84)
	at app//org.junit.jupiter.engine.execution.ExecutableInvoker$ReflectiveInterceptorCall.lambda$ofVoidMethod$0(ExecutableInvoker.java:115)
	at app//org.junit.jupiter.engine.execution.ExecutableInvoker.lambda$invoke$0(ExecutableInvoker.java:105)
	at app//org.junit.jupiter.engine.execution.InvocationInterceptorChain$InterceptedInvocation.proceed(InvocationInterceptorChain.java:106)
	at app//org.junit.jupiter.engine.execution.InvocationInterceptorChain.proceed(InvocationInterceptorChain.java:64)
	at app//org.junit.jupiter.engine.execution.InvocationInterceptorChain.chainAndInvoke(InvocationInterceptorChain.java:45)
	at app//org.junit.jupiter.engine.execution.InvocationInterceptorChain.invoke(InvocationInterceptorChain.java:37)
	at app//org.junit.jupiter.engine.execution.ExecutableInvoker.invoke(ExecutableInvoker.java:104)
	at app//org.junit.jupiter.engine.execution.ExecutableInvoker.invoke(ExecutableInvoker.java:98)
	at app//org.junit.jupiter.engine.descriptor.TestMethodTestDescriptor.lambda$invokeTestMethod$6(TestMethodTestDescriptor.java:210)
	at app//org.junit.platform.engine.support.hierarchical.ThrowableCollector.execute(ThrowableCollector.java:73)
	at app//org.junit.jupiter.engine.descriptor.TestMethodTestDescriptor.invokeTestMethod(TestMethodTestDescriptor.java:206)
	at app//org.junit.jupiter.engine.descriptor.TestMethodTestDescriptor.execute(TestMethodTestDescriptor.java:131)
	at app//org.junit.jupiter.engine.descriptor.TestMethodTestDescriptor.execute(TestMethodTestDescriptor.java:65)
	at app//org.junit.platform.engine.support.hierarchical.NodeTestTask.lambda$executeRecursively$5(NodeTestTask.java:139)
	at app//org.junit.platform.engine.support.hierarchical.ThrowableCollector.execute(ThrowableCollector.java:73)
	at app//org.junit.platform.engine.support.hierarchical.NodeTestTask.lambda$executeRecursively$7(NodeTestTask.java:129)
	at app//org.junit.platform.engine.support.hierarchical.Node.around(Node.java:137)
	at app//org.junit.platform.engine.support.hierarchical.NodeTestTask.lambda$executeRecursively$8(NodeTestTask.java:127)
	at app//org.junit.platform.engine.support.hierarchical.ThrowableCollector.execute(ThrowableCollector.java:73)
	at app//org.junit.platform.engine.support.hierarchical.NodeTestTask.executeRecursively(NodeTestTask.java:126)
	at app//org.junit.platform.engine.support.hierarchical.NodeTestTask.execute(NodeTestTask.java:84)
	at java.base@17.0.6/java.util.ArrayList.forEach(ArrayList.java:1511)
	at app//org.junit.platform.engine.support.hierarchical.SameThreadHierarchicalTestExecutorService.invokeAll(SameThreadHierarchicalTestExecutorService.java:38)
	at app//org.junit.platform.engine.support.hierarchical.NodeTestTask.lambda$executeRecursively$5(NodeTestTask.java:143)
	at app//org.junit.platform.engine.support.hierarchical.ThrowableCollector.execute(ThrowableCollector.java:73)
	at app//org.junit.platform.engine.support.hierarchical.NodeTestTask.lambda$executeRecursively$7(NodeTestTask.java:129)
	at app//org.junit.platform.engine.support.hierarchical.Node.around(Node.java:137)
	at app//org.junit.platform.engine.support.hierarchical.NodeTestTask.lambda$executeRecursively$8(NodeTestTask.java:127)
	at app//org.junit.platform.engine.support.hierarchical.ThrowableCollector.execute(ThrowableCollector.java:73)
	at app//org.junit.platform.engine.support.hierarchical.NodeTestTask.executeRecursively(NodeTestTask.java:126)
	at app//org.junit.platform.engine.support.hierarchical.NodeTestTask.execute(NodeTestTask.java:84)
	at java.base@17.0.6/java.util.ArrayList.forEach(ArrayList.java:1511)
	at app//org.junit.platform.engine.support.hierarchical.SameThreadHierarchicalTestExecutorService.invokeAll(SameThreadHierarchicalTestExecutorService.java:38)
	at app//org.junit.platform.engine.support.hierarchical.NodeTestTask.lambda$executeRecursively$5(NodeTestTask.java:143)
	at app//org.junit.platform.engine.support.hierarchical.ThrowableCollector.execute(ThrowableCollector.java:73)
	at app//org.junit.platform.engine.support.hierarchical.NodeTestTask.lambda$executeRecursively$7(NodeTestTask.java:129)
	at app//org.junit.platform.engine.support.hierarchical.Node.around(Node.java:137)
	at app//org.junit.platform.engine.support.hierarchical.NodeTestTask.lambda$executeRecursively$8(NodeTestTask.java:127)
	at app//org.junit.platform.engine.support.hierarchical.ThrowableCollector.execute(ThrowableCollector.java:73)
	at app//org.junit.platform.engine.support.hierarchical.NodeTestTask.executeRecursively(NodeTestTask.java:126)
	at app//org.junit.platform.engine.support.hierarchical.NodeTestTask.execute(NodeTestTask.java:84)
	at app//org.junit.platform.engine.support.hierarchical.SameThreadHierarchicalTestExecutorService.submit(SameThreadHierarchicalTestExecutorService.java:32)
	at app//org.junit.platform.engine.support.hierarchical.HierarchicalTestExecutor.execute(HierarchicalTestExecutor.java:57)
	at app//org.junit.platform.engine.support.hierarchical.HierarchicalTestEngine.execute(HierarchicalTestEngine.java:51)
	at org.junit.platform.launcher.core.EngineExecutionOrchestrator.execute(EngineExecutionOrchestrator.java:107)
	at org.junit.platform.launcher.core.EngineExecutionOrchestrator.execute(EngineExecutionOrchestrator.java:88)
	at org.junit.platform.launcher.core.EngineExecutionOrchestrator.lambda$execute$0(EngineExecutionOrchestrator.java:54)
	at org.junit.platform.launcher.core.EngineExecutionOrchestrator.withInterceptedStreams(EngineExecutionOrchestrator.java:67)
	at org.junit.platform.launcher.core.EngineExecutionOrchestrator.execute(EngineExecutionOrchestrator.java:52)
	at org.junit.platform.launcher.core.DefaultLauncher.execute(DefaultLauncher.java:114)
	at org.junit.platform.launcher.core.DefaultLauncher.execute(DefaultLauncher.java:86)
	at org.junit.platform.launcher.core.DefaultLauncherSession$DelegatingLauncher.execute(DefaultLauncherSession.java:86)
	at org.junit.platform.launcher.core.SessionPerRequestLauncher.execute(SessionPerRequestLauncher.java:53)
	at org.gradle.api.internal.tasks.testing.junitplatform.JUnitPlatformTestClassProcessor$CollectAllTestClassesExecutor.processAllTestClasses(JUnitPlatformTestClassProcessor.java:99)
	at org.gradle.api.internal.tasks.testing.junitplatform.JUnitPlatformTestClassProcessor$CollectAllTestClassesExecutor.access$000(JUnitPlatformTestClassProcessor.java:79)
	at org.gradle.api.internal.tasks.testing.junitplatform.JUnitPlatformTestClassProcessor.stop(JUnitPlatformTestClassProcessor.java:75)
	at org.gradle.api.internal.tasks.testing.SuiteTestClassProcessor.stop(SuiteTestClassProcessor.java:61)
	at java.base@17.0.6/jdk.internal.reflect.NativeMethodAccessorImpl.invoke0(Native Method)
	at java.base@17.0.6/jdk.internal.reflect.NativeMethodAccessorImpl.invoke(NativeMethodAccessorImpl.java:77)
	at java.base@17.0.6/jdk.internal.reflect.DelegatingMethodAccessorImpl.invoke(DelegatingMethodAccessorImpl.java:43)
	at java.base@17.0.6/java.lang.reflect.Method.invoke(Method.java:568)
	at org.gradle.internal.dispatch.ReflectionDispatch.dispatch(ReflectionDispatch.java:36)
	at org.gradle.internal.dispatch.ReflectionDispatch.dispatch(ReflectionDispatch.java:24)
	at org.gradle.internal.dispatch.ContextClassLoaderDispatch.dispatch(ContextClassLoaderDispatch.java:33)
	at org.gradle.internal.dispatch.ProxyDispatchAdapter$DispatchingInvocationHandler.invoke(ProxyDispatchAdapter.java:94)
	at jdk.proxy1/jdk.proxy1.$Proxy2.stop(Unknown Source)
	at org.gradle.api.internal.tasks.testing.worker.TestWorker$3.run(TestWorker.java:193)
	at org.gradle.api.internal.tasks.testing.worker.TestWorker.executeAndMaintainThreadName(TestWorker.java:129)
	at org.gradle.api.internal.tasks.testing.worker.TestWorker.execute(TestWorker.java:100)
	at org.gradle.api.internal.tasks.testing.worker.TestWorker.execute(TestWorker.java:60)
	at org.gradle.process.internal.worker.child.ActionExecutionWorker.execute(ActionExecutionWorker.java:56)
	at org.gradle.process.internal.worker.child.SystemApplicationClassLoaderWorker.call(SystemApplicationClassLoaderWorker.java:133)
	at org.gradle.process.internal.worker.child.SystemApplicationClassLoaderWorker.call(SystemApplicationClassLoaderWorker.java:71)
	at app//worker.org.gradle.process.internal.worker.GradleWorkerMain.run(GradleWorkerMain.java:69)
	at app//worker.org.gradle.process.internal.worker.GradleWorkerMain.main(GradleWorkerMain.java:74)
</failure>
  </testcase>
  <system-out><![CDATA[2023.02.23 08:09:49 INFO io.helidon.common.LogConfig Thread[Test worker,5,main]: Logging at initialization configured using classpath: /logging.properties
2023.02.23 08:09:49 DEBUG org.jboss.weld.Bootstrap Thread[Test worker,5,main]: WELD-000100: Weld initialized. Validating beans
2023.02.23 08:09:49 FINE io.helidon.microprofile.cdi.HelidonContainerImpl Thread[Test worker,5,main]: Container started in 26 millis (this excludes the initialization time)
2023.02.23 08:09:49 FINE io.helidon.common.HelidonFeatures Thread[features-thread,5,main]: No catalog entry for package io.helidon.jersey.client
2023.02.23 08:09:49 FINE io.helidon.common.HelidonFeatures Thread[features-thread,5,main]: No catalog entry for package io.helidon.config.yaml.mp
2023.02.23 08:09:49 FINE org.junit.jupiter.engine.execution.InvocationInterceptorChain$ValidatingInvocation Thread[Test worker,5,main]: The invocation is skipped
2023.02.23 08:09:49 INFO io.helidon.common.HelidonFeatures Thread[features-thread,5,main]: Helidon MP 3.1.0 features: [CDI, Config, Db Client, Tracing]
2023.02.23 08:09:50 FINE com.zaxxer.hikari.HikariConfig Thread[Test worker,5,main]: HikariPool-1 - configuration:
2023.02.23 08:09:50 FINE com.zaxxer.hikari.HikariConfig Thread[Test worker,5,main]: allowPoolSuspension.............false
2023.02.23 08:09:50 FINE com.zaxxer.hikari.HikariConfig Thread[Test worker,5,main]: autoCommit......................true
2023.02.23 08:09:50 FINE com.zaxxer.hikari.HikariConfig Thread[Test worker,5,main]: catalog.........................none
2023.02.23 08:09:50 FINE com.zaxxer.hikari.HikariConfig Thread[Test worker,5,main]: connectionInitSql...............none
2023.02.23 08:09:50 FINE com.zaxxer.hikari.HikariConfig Thread[Test worker,5,main]: connectionTestQuery.............none
2023.02.23 08:09:50 FINE com.zaxxer.hikari.HikariConfig Thread[Test worker,5,main]: connectionTimeout...............30000
2023.02.23 08:09:50 FINE com.zaxxer.hikari.HikariConfig Thread[Test worker,5,main]: dataSource......................none
2023.02.23 08:09:50 FINE com.zaxxer.hikari.HikariConfig Thread[Test worker,5,main]: dataSourceClassName.............none
2023.02.23 08:09:50 FINE com.zaxxer.hikari.HikariConfig Thread[Test worker,5,main]: dataSourceJNDI..................none
2023.02.23 08:09:50 FINE com.zaxxer.hikari.HikariConfig Thread[Test worker,5,main]: dataSourceProperties............{password=<masked>}
2023.02.23 08:09:50 FINE com.zaxxer.hikari.HikariConfig Thread[Test worker,5,main]: driverClassName.................none
2023.02.23 08:09:50 FINE com.zaxxer.hikari.HikariConfig Thread[Test worker,5,main]: exceptionOverrideClassName......none
2023.02.23 08:09:50 FINE com.zaxxer.hikari.HikariConfig Thread[Test worker,5,main]: healthCheckProperties...........{}
2023.02.23 08:09:50 FINE com.zaxxer.hikari.HikariConfig Thread[Test worker,5,main]: healthCheckRegistry.............none
2023.02.23 08:09:50 FINE com.zaxxer.hikari.HikariConfig Thread[Test worker,5,main]: idleTimeout.....................600000
2023.02.23 08:09:50 FINE com.zaxxer.hikari.HikariConfig Thread[Test worker,5,main]: initializationFailTimeout.......1
2023.02.23 08:09:50 FINE com.zaxxer.hikari.HikariConfig Thread[Test worker,5,main]: isolateInternalQueries..........false
2023.02.23 08:09:50 FINE com.zaxxer.hikari.HikariConfig Thread[Test worker,5,main]: jdbcUrl.........................jdbc:postgresql://127.0.0.1:5432/distribuida
2023.02.23 08:09:50 FINE com.zaxxer.hikari.HikariConfig Thread[Test worker,5,main]: keepaliveTime...................0
2023.02.23 08:09:50 FINE com.zaxxer.hikari.HikariConfig Thread[Test worker,5,main]: leakDetectionThreshold..........0
2023.02.23 08:09:50 FINE com.zaxxer.hikari.HikariConfig Thread[Test worker,5,main]: maxLifetime.....................1800000
2023.02.23 08:09:50 FINE com.zaxxer.hikari.HikariConfig Thread[Test worker,5,main]: maximumPoolSize.................10
2023.02.23 08:09:50 FINE com.zaxxer.hikari.HikariConfig Thread[Test worker,5,main]: metricRegistry..................none
2023.02.23 08:09:50 FINE com.zaxxer.hikari.HikariConfig Thread[Test worker,5,main]: metricsTrackerFactory...........none
2023.02.23 08:09:50 FINE com.zaxxer.hikari.HikariConfig Thread[Test worker,5,main]: minimumIdle.....................10
2023.02.23 08:09:50 FINE com.zaxxer.hikari.HikariConfig Thread[Test worker,5,main]: password........................<masked>
2023.02.23 08:09:50 FINE com.zaxxer.hikari.HikariConfig Thread[Test worker,5,main]: poolName........................"HikariPool-1"
2023.02.23 08:09:50 FINE com.zaxxer.hikari.HikariConfig Thread[Test worker,5,main]: readOnly........................false
2023.02.23 08:09:50 FINE com.zaxxer.hikari.HikariConfig Thread[Test worker,5,main]: registerMbeans..................false
2023.02.23 08:09:50 FINE com.zaxxer.hikari.HikariConfig Thread[Test worker,5,main]: scheduledExecutor...............none
2023.02.23 08:09:50 FINE com.zaxxer.hikari.HikariConfig Thread[Test worker,5,main]: schema..........................none
2023.02.23 08:09:50 FINE com.zaxxer.hikari.HikariConfig Thread[Test worker,5,main]: threadFactory...................internal
2023.02.23 08:09:50 FINE com.zaxxer.hikari.HikariConfig Thread[Test worker,5,main]: transactionIsolation............default
2023.02.23 08:09:50 FINE com.zaxxer.hikari.HikariConfig Thread[Test worker,5,main]: username........................"postgres"
2023.02.23 08:09:50 FINE com.zaxxer.hikari.HikariConfig Thread[Test worker,5,main]: validationTimeout...............5000
2023.02.23 08:09:50 INFO com.zaxxer.hikari.HikariDataSource Thread[Test worker,5,main]: HikariPool-1 - Starting...
2023.02.23 08:09:50 FINE com.zaxxer.hikari.util.DriverDataSource Thread[Test worker,5,main]: Loaded driver with class name org.postgresql.Driver for jdbcUrl=jdbc:postgresql://127.0.0.1:5432/distribuida
2023.02.23 08:09:50 FINE org.postgresql.Driver Thread[Test worker,5,main]: Loading driver configuration via classloader jdk.internal.loader.ClassLoaders$AppClassLoader@73d16e93
2023.02.23 08:09:50 FINE org.postgresql.Driver Thread[Test worker,5,main]: Connecting with URL: jdbc:postgresql://127.0.0.1:5432/distribuida
2023.02.23 08:09:50 FINE org.postgresql.jdbc.PgConnection Thread[Test worker,5,main]: PostgreSQL JDBC Driver 42.5.1
2023.02.23 08:09:50 FINE org.postgresql.jdbc.PgConnection Thread[Test worker,5,main]:   setDefaultFetchSize = 0
2023.02.23 08:09:50 FINE org.postgresql.jdbc.PgConnection Thread[Test worker,5,main]:   setPrepareThreshold = 5
2023.02.23 08:09:50 FINE org.postgresql.core.v3.ConnectionFactoryImpl Thread[Test worker,5,main]: Trying to establish a protocol version 3 connection to 127.0.0.1:5432
2023.02.23 08:09:50 FINE org.postgresql.core.v3.ConnectionFactoryImpl Thread[Test worker,5,main]: Receive Buffer Size is 65.536
2023.02.23 08:09:50 FINE org.postgresql.core.v3.ConnectionFactoryImpl Thread[Test worker,5,main]: Send Buffer Size is 65.536
2023.02.23 08:09:50 INFO com.zaxxer.hikari.pool.HikariPool Thread[Test worker,5,main]: HikariPool-1 - Added connection org.postgresql.jdbc.PgConnection@61dde151
2023.02.23 08:09:50 INFO com.zaxxer.hikari.HikariDataSource Thread[Test worker,5,main]: HikariPool-1 - Start completed.
2023.02.23 08:09:50 FINE io.helidon.common.configurable.ThreadPool Thread[Test worker,5,main]: ThreadPool 'jdbc-dbclient-thread-pool' {corePoolSize=10, maxPoolSize=50, queueCapacity=10000, growthThreshold=1000, growthRate=0%, averageQueueSize=0,00, peakQueueSize=0, averageActiveThreads=0,00, peakPoolSize=0, currentPoolSize=0, completedTasks=0, failedTasks=0, rejectedTasks=0}
2023.02.23 08:09:50 FINE io.helidon.dbclient.jdbc.JdbcStatement Thread[helidon-jdbc-dbclient-thread-pool-3,5,jdbc-dbclient-thread-pool]: Building SQL statement: select * from books where id=?
2023.02.23 08:09:50 FINE com.zaxxer.hikari.pool.HikariPool Thread[HikariPool-1 housekeeper,5,main]: HikariPool-1 - Pool stats (total=1, active=1, idle=0, waiting=0)
2023.02.23 08:09:50 FINE org.postgresql.Driver Thread[HikariPool-1 connection adder,5,main]: Connecting with URL: jdbc:postgresql://127.0.0.1:5432/distribuida
2023.02.23 08:09:50 FINE org.postgresql.jdbc.PgConnection Thread[HikariPool-1 connection adder,5,main]: PostgreSQL JDBC Driver 42.5.1
2023.02.23 08:09:50 FINE org.postgresql.jdbc.PgConnection Thread[HikariPool-1 connection adder,5,main]:   setDefaultFetchSize = 0
2023.02.23 08:09:50 FINE org.postgresql.jdbc.PgConnection Thread[HikariPool-1 connection adder,5,main]:   setPrepareThreshold = 5
2023.02.23 08:09:50 FINE org.postgresql.core.v3.ConnectionFactoryImpl Thread[HikariPool-1 connection adder,5,main]: Trying to establish a protocol version 3 connection to 127.0.0.1:5432
2023.02.23 08:09:50 FINE org.postgresql.core.v3.ConnectionFactoryImpl Thread[HikariPool-1 connection adder,5,main]: Receive Buffer Size is 65.536
2023.02.23 08:09:50 FINE org.postgresql.core.v3.ConnectionFactoryImpl Thread[HikariPool-1 connection adder,5,main]: Send Buffer Size is 65.536
2023.02.23 08:09:50 FINE com.zaxxer.hikari.pool.HikariPool Thread[HikariPool-1 connection adder,5,main]: HikariPool-1 - Added connection org.postgresql.jdbc.PgConnection@757f1f37
2023.02.23 08:09:50 FINE org.postgresql.Driver Thread[HikariPool-1 connection adder,5,main]: Connecting with URL: jdbc:postgresql://127.0.0.1:5432/distribuida
2023.02.23 08:09:50 FINE org.postgresql.jdbc.PgConnection Thread[HikariPool-1 connection adder,5,main]: PostgreSQL JDBC Driver 42.5.1
2023.02.23 08:09:50 FINE org.postgresql.jdbc.PgConnection Thread[HikariPool-1 connection adder,5,main]:   setDefaultFetchSize = 0
2023.02.23 08:09:50 FINE org.postgresql.jdbc.PgConnection Thread[HikariPool-1 connection adder,5,main]:   setPrepareThreshold = 5
2023.02.23 08:09:50 FINE org.postgresql.core.v3.ConnectionFactoryImpl Thread[HikariPool-1 connection adder,5,main]: Trying to establish a protocol version 3 connection to 127.0.0.1:5432
2023.02.23 08:09:50 FINE org.postgresql.core.v3.ConnectionFactoryImpl Thread[HikariPool-1 connection adder,5,main]: Receive Buffer Size is 65.536
2023.02.23 08:09:50 FINE org.postgresql.core.v3.ConnectionFactoryImpl Thread[HikariPool-1 connection adder,5,main]: Send Buffer Size is 65.536
2023.02.23 08:09:50 FINE com.zaxxer.hikari.pool.HikariPool Thread[HikariPool-1 connection adder,5,main]: HikariPool-1 - Added connection org.postgresql.jdbc.PgConnection@307d8ffc
2023.02.23 08:09:50 FINE org.postgresql.Driver Thread[HikariPool-1 connection adder,5,main]: Connecting with URL: jdbc:postgresql://127.0.0.1:5432/distribuida
2023.02.23 08:09:50 FINE org.postgresql.jdbc.PgConnection Thread[HikariPool-1 connection adder,5,main]: PostgreSQL JDBC Driver 42.5.1
2023.02.23 08:09:50 FINE org.postgresql.jdbc.PgConnection Thread[HikariPool-1 connection adder,5,main]:   setDefaultFetchSize = 0
2023.02.23 08:09:50 FINE org.postgresql.jdbc.PgConnection Thread[HikariPool-1 connection adder,5,main]:   setPrepareThreshold = 5
2023.02.23 08:09:50 FINE org.postgresql.core.v3.ConnectionFactoryImpl Thread[HikariPool-1 connection adder,5,main]: Trying to establish a protocol version 3 connection to 127.0.0.1:5432
2023.02.23 08:09:50 FINE org.postgresql.core.v3.ConnectionFactoryImpl Thread[HikariPool-1 connection adder,5,main]: Receive Buffer Size is 65.536
2023.02.23 08:09:50 FINE org.postgresql.core.v3.ConnectionFactoryImpl Thread[HikariPool-1 connection adder,5,main]: Send Buffer Size is 65.536
2023.02.23 08:09:50 FINE com.zaxxer.hikari.pool.HikariPool Thread[HikariPool-1 connection adder,5,main]: HikariPool-1 - Added connection org.postgresql.jdbc.PgConnection@c0c1ca1
2023.02.23 08:09:50 FINE org.postgresql.Driver Thread[HikariPool-1 connection adder,5,main]: Connecting with URL: jdbc:postgresql://127.0.0.1:5432/distribuida
2023.02.23 08:09:50 FINE org.postgresql.jdbc.PgConnection Thread[HikariPool-1 connection adder,5,main]: PostgreSQL JDBC Driver 42.5.1
2023.02.23 08:09:50 FINE org.postgresql.jdbc.PgConnection Thread[HikariPool-1 connection adder,5,main]:   setDefaultFetchSize = 0
2023.02.23 08:09:50 FINE org.postgresql.jdbc.PgConnection Thread[HikariPool-1 connection adder,5,main]:   setPrepareThreshold = 5
2023.02.23 08:09:50 FINE org.postgresql.core.v3.ConnectionFactoryImpl Thread[HikariPool-1 connection adder,5,main]: Trying to establish a protocol version 3 connection to 127.0.0.1:5432
2023.02.23 08:09:50 FINE org.postgresql.core.v3.ConnectionFactoryImpl Thread[HikariPool-1 connection adder,5,main]: Receive Buffer Size is 65.536
2023.02.23 08:09:50 FINE org.postgresql.core.v3.ConnectionFactoryImpl Thread[HikariPool-1 connection adder,5,main]: Send Buffer Size is 65.536
2023.02.23 08:09:50 FINE com.zaxxer.hikari.pool.HikariPool Thread[HikariPool-1 connection adder,5,main]: HikariPool-1 - Added connection org.postgresql.jdbc.PgConnection@505270b3
2023.02.23 08:09:50 FINE org.postgresql.Driver Thread[HikariPool-1 connection adder,5,main]: Connecting with URL: jdbc:postgresql://127.0.0.1:5432/distribuida
2023.02.23 08:09:50 FINE org.postgresql.jdbc.PgConnection Thread[HikariPool-1 connection adder,5,main]: PostgreSQL JDBC Driver 42.5.1
2023.02.23 08:09:50 FINE org.postgresql.jdbc.PgConnection Thread[HikariPool-1 connection adder,5,main]:   setDefaultFetchSize = 0
2023.02.23 08:09:50 FINE org.postgresql.jdbc.PgConnection Thread[HikariPool-1 connection adder,5,main]:   setPrepareThreshold = 5
2023.02.23 08:09:50 FINE org.postgresql.core.v3.ConnectionFactoryImpl Thread[HikariPool-1 connection adder,5,main]: Trying to establish a protocol version 3 connection to 127.0.0.1:5432
2023.02.23 08:09:50 FINE org.postgresql.core.v3.ConnectionFactoryImpl Thread[HikariPool-1 connection adder,5,main]: Receive Buffer Size is 65.536
2023.02.23 08:09:50 FINE org.postgresql.core.v3.ConnectionFactoryImpl Thread[HikariPool-1 connection adder,5,main]: Send Buffer Size is 65.536
2023.02.23 08:09:50 FINE com.zaxxer.hikari.pool.HikariPool Thread[HikariPool-1 connection adder,5,main]: HikariPool-1 - Added connection org.postgresql.jdbc.PgConnection@43dad171
2023.02.23 08:09:50 FINE org.postgresql.Driver Thread[HikariPool-1 connection adder,5,main]: Connecting with URL: jdbc:postgresql://127.0.0.1:5432/distribuida
2023.02.23 08:09:50 FINE org.postgresql.jdbc.PgConnection Thread[HikariPool-1 connection adder,5,main]: PostgreSQL JDBC Driver 42.5.1
2023.02.23 08:09:50 FINE org.postgresql.jdbc.PgConnection Thread[HikariPool-1 connection adder,5,main]:   setDefaultFetchSize = 0
2023.02.23 08:09:50 FINE org.postgresql.jdbc.PgConnection Thread[HikariPool-1 connection adder,5,main]:   setPrepareThreshold = 5
2023.02.23 08:09:50 FINE org.postgresql.core.v3.ConnectionFactoryImpl Thread[HikariPool-1 connection adder,5,main]: Trying to establish a protocol version 3 connection to 127.0.0.1:5432
2023.02.23 08:09:50 FINE org.postgresql.core.v3.ConnectionFactoryImpl Thread[HikariPool-1 connection adder,5,main]: Receive Buffer Size is 65.536
2023.02.23 08:09:50 FINE org.postgresql.core.v3.ConnectionFactoryImpl Thread[HikariPool-1 connection adder,5,main]: Send Buffer Size is 65.536
2023.02.23 08:09:50 FINE com.zaxxer.hikari.pool.HikariPool Thread[HikariPool-1 connection adder,5,main]: HikariPool-1 - Added connection org.postgresql.jdbc.PgConnection@7b8d833e
2023.02.23 08:09:50 FINE org.postgresql.Driver Thread[HikariPool-1 connection adder,5,main]: Connecting with URL: jdbc:postgresql://127.0.0.1:5432/distribuida
2023.02.23 08:09:50 FINE org.postgresql.jdbc.PgConnection Thread[HikariPool-1 connection adder,5,main]: PostgreSQL JDBC Driver 42.5.1
2023.02.23 08:09:50 FINE org.postgresql.jdbc.PgConnection Thread[HikariPool-1 connection adder,5,main]:   setDefaultFetchSize = 0
2023.02.23 08:09:50 FINE org.postgresql.jdbc.PgConnection Thread[HikariPool-1 connection adder,5,main]:   setPrepareThreshold = 5
2023.02.23 08:09:50 FINE org.postgresql.core.v3.ConnectionFactoryImpl Thread[HikariPool-1 connection adder,5,main]: Trying to establish a protocol version 3 connection to 127.0.0.1:5432
2023.02.23 08:09:50 FINE org.postgresql.core.v3.ConnectionFactoryImpl Thread[HikariPool-1 connection adder,5,main]: Receive Buffer Size is 65.536
2023.02.23 08:09:50 FINE org.postgresql.core.v3.ConnectionFactoryImpl Thread[HikariPool-1 connection adder,5,main]: Send Buffer Size is 65.536
2023.02.23 08:09:50 FINE org.junit.jupiter.engine.execution.InvocationInterceptorChain$ValidatingInvocation Thread[Test worker,5,main]: The invocation is skipped
2023.02.23 08:09:50 FINE io.helidon.dbclient.jdbc.JdbcStatement Thread[helidon-jdbc-dbclient-thread-pool-5,5,jdbc-dbclient-thread-pool]: Building SQL statement: select * from books where id=?
2023.02.23 08:09:50 FINE com.zaxxer.hikari.pool.HikariPool Thread[HikariPool-1 connection adder,5,main]: HikariPool-1 - Added connection org.postgresql.jdbc.PgConnection@170871fa
2023.02.23 08:09:50 FINE org.postgresql.Driver Thread[HikariPool-1 connection adder,5,main]: Connecting with URL: jdbc:postgresql://127.0.0.1:5432/distribuida
2023.02.23 08:09:50 FINE org.postgresql.jdbc.PgConnection Thread[HikariPool-1 connection adder,5,main]: PostgreSQL JDBC Driver 42.5.1
2023.02.23 08:09:50 FINE org.postgresql.jdbc.PgConnection Thread[HikariPool-1 connection adder,5,main]:   setDefaultFetchSize = 0
2023.02.23 08:09:50 FINE org.postgresql.jdbc.PgConnection Thread[HikariPool-1 connection adder,5,main]:   setPrepareThreshold = 5
2023.02.23 08:09:50 FINE org.postgresql.core.v3.ConnectionFactoryImpl Thread[HikariPool-1 connection adder,5,main]: Trying to establish a protocol version 3 connection to 127.0.0.1:5432
2023.02.23 08:09:50 FINE org.postgresql.core.v3.ConnectionFactoryImpl Thread[HikariPool-1 connection adder,5,main]: Receive Buffer Size is 65.536
2023.02.23 08:09:50 FINE org.postgresql.core.v3.ConnectionFactoryImpl Thread[HikariPool-1 connection adder,5,main]: Send Buffer Size is 65.536
]]></system-out>
  <system-err><![CDATA[feb. 23, 2023 8:09:49 A. M. org.jboss.weld.bootstrap.WeldStartup <clinit>
INFO: WELD-000900: 4.0.2 (Final)
feb. 23, 2023 8:09:49 A. M. org.jboss.weld.bootstrap.WeldStartup startContainer
INFO: WELD-000101: Transactional services not available. Injection of @Inject UserTransaction not available. Transactional observers will be invoked synchronously.
]]></system-err>
</testsuite>
